<?xml version="1.0" encoding="UTF-8"?>
<testsuite xmlns:xsi="http://www.w3.org/2001/XMLSchema-instance" xsi:noNamespaceSchemaLocation="https://maven.apache.org/surefire/maven-surefire-plugin/xsd/surefire-test-report.xsd" name="samples.processors.utils.Asn1ToAvroProcessorTest" time="0.354" tests="1" errors="0" skipped="0" failures="0">
  <properties>
    <property name="sun.desktop" value="gnome"/>
    <property name="awt.toolkit" value="sun.awt.X11.XToolkit"/>
    <property name="file.encoding.pkg" value="sun.io"/>
    <property name="java.specification.version" value="1.8"/>
    <property name="sun.cpu.isalist" value=""/>
    <property name="sun.jnu.encoding" value="UTF-8"/>
    <property name="java.class.path" value="/home/haddad/graduation/dev/asn2avro/nifi-utils-processors/target/test-classes:/home/haddad/graduation/dev/asn2avro/nifi-utils-processors/target/classes:/home/haddad/.m2/repository/org/apache/nifi/nifi-api/1.9.0/nifi-api-1.9.0.jar:/home/haddad/.m2/repository/org/apache/nifi/nifi-utils/1.9.0/nifi-utils-1.9.0.jar:/home/haddad/.m2/repository/org/apache/nifi/nifi-mock/1.9.0/nifi-mock-1.9.0.jar:/home/haddad/.m2/repository/org/apache/nifi/nifi-framework-api/1.9.0/nifi-framework-api-1.9.0.jar:/home/haddad/.m2/repository/org/apache/nifi/nifi-expression-language/1.9.0/nifi-expression-language-1.9.0.jar:/home/haddad/.m2/repository/org/antlr/antlr-runtime/3.5.2/antlr-runtime-3.5.2.jar:/home/haddad/.m2/repository/com/jayway/jsonpath/json-path/2.4.0/json-path-2.4.0.jar:/home/haddad/.m2/repository/net/minidev/json-smart/2.3/json-smart-2.3.jar:/home/haddad/.m2/repository/net/minidev/accessors-smart/1.2/accessors-smart-1.2.jar:/home/haddad/.m2/repository/org/ow2/asm/asm/5.0.4/asm-5.0.4.jar:/home/haddad/.m2/repository/com/fasterxml/jackson/core/jackson-databind/2.9.7/jackson-databind-2.9.7.jar:/home/haddad/.m2/repository/com/fasterxml/jackson/core/jackson-annotations/2.9.0/jackson-annotations-2.9.0.jar:/home/haddad/.m2/repository/com/fasterxml/jackson/core/jackson-core/2.9.7/jackson-core-2.9.7.jar:/home/haddad/.m2/repository/org/apache/commons/commons-text/1.4/commons-text-1.4.jar:/home/haddad/.m2/repository/org/apache/commons/commons-lang3/3.7/commons-lang3-3.7.jar:/home/haddad/.m2/repository/org/apache/nifi/nifi-data-provenance-utils/1.9.0/nifi-data-provenance-utils-1.9.0.jar:/home/haddad/.m2/repository/org/apache/nifi/nifi-security-utils/1.9.0/nifi-security-utils-1.9.0.jar:/home/haddad/.m2/repository/org/bouncycastle/bcpkix-jdk15on/1.60/bcpkix-jdk15on-1.60.jar:/home/haddad/.m2/repository/de/svenkubiak/jBCrypt/0.4.1/jBCrypt-0.4.1.jar:/home/haddad/.m2/repository/org/bouncycastle/bcprov-jdk15on/1.60/bcprov-jdk15on-1.60.jar:/home/haddad/.m2/repository/org/apache/nifi/nifi-properties-loader/1.9.0/nifi-properties-loader-1.9.0.jar:/home/haddad/.m2/repository/ch/qos/logback/logback-classic/1.2.3/logback-classic-1.2.3.jar:/home/haddad/.m2/repository/ch/qos/logback/logback-core/1.2.3/logback-core-1.2.3.jar:/home/haddad/.m2/repository/org/apache/nifi/nifi-properties/1.9.0/nifi-properties-1.9.0.jar:/home/haddad/.m2/repository/org/slf4j/slf4j-simple/1.7.25/slf4j-simple-1.7.25.jar:/home/haddad/.m2/repository/org/slf4j/slf4j-api/1.7.25/slf4j-api-1.7.25.jar:/home/haddad/.m2/repository/junit/junit/4.12/junit-4.12.jar:/home/haddad/.m2/repository/org/hamcrest/hamcrest-core/1.3/hamcrest-core-1.3.jar:/home/haddad/.m2/repository/org/apache/poi/poi/4.0.1/poi-4.0.1.jar:/home/haddad/.m2/repository/commons-codec/commons-codec/1.11/commons-codec-1.11.jar:/home/haddad/.m2/repository/org/apache/commons/commons-collections4/4.2/commons-collections4-4.2.jar:/home/haddad/.m2/repository/org/apache/commons/commons-math3/3.6.1/commons-math3-3.6.1.jar:/home/haddad/.m2/repository/org/apache/poi/poi-ooxml/3.17/poi-ooxml-3.17.jar:/home/haddad/.m2/repository/org/apache/poi/poi-ooxml-schemas/3.17/poi-ooxml-schemas-3.17.jar:/home/haddad/.m2/repository/org/apache/xmlbeans/xmlbeans/2.6.0/xmlbeans-2.6.0.jar:/home/haddad/.m2/repository/stax/stax-api/1.0.1/stax-api-1.0.1.jar:/home/haddad/.m2/repository/com/github/virtuald/curvesapi/1.04/curvesapi-1.04.jar:/home/haddad/.m2/repository/com/google/code/gson/gson/2.8.1/gson-2.8.1.jar:/home/haddad/.m2/repository/org/apache/avro/avro/1.8.2/avro-1.8.2.jar:/home/haddad/.m2/repository/org/codehaus/jackson/jackson-core-asl/1.9.13/jackson-core-asl-1.9.13.jar:/home/haddad/.m2/repository/org/codehaus/jackson/jackson-mapper-asl/1.9.13/jackson-mapper-asl-1.9.13.jar:/home/haddad/.m2/repository/com/thoughtworks/paranamer/paranamer/2.7/paranamer-2.7.jar:/home/haddad/.m2/repository/org/xerial/snappy/snappy-java/1.1.1.3/snappy-java-1.1.1.3.jar:/home/haddad/.m2/repository/org/apache/commons/commons-compress/1.8.1/commons-compress-1.8.1.jar:/home/haddad/.m2/repository/org/tukaani/xz/1.5/xz-1.5.jar:/home/haddad/.m2/repository/org/mockito/mockito-core/1.10.19/mockito-core-1.10.19.jar:/home/haddad/.m2/repository/org/objenesis/objenesis/2.1/objenesis-2.1.jar:/home/haddad/.m2/repository/org/codehaus/groovy/groovy-all/2.4.13/groovy-all-2.4.13.jar:"/>
    <property name="java.vm.vendor" value="BellSoft"/>
    <property name="sun.arch.data.model" value="64"/>
    <property name="java.vendor.url" value="https://bell-sw.com/"/>
    <property name="user.timezone" value=""/>
    <property name="java.vm.specification.version" value="1.8"/>
    <property name="os.name" value="Linux"/>
    <property name="user.country" value="US"/>
    <property name="sun.java.launcher" value="SUN_STANDARD"/>
    <property name="sun.boot.library.path" value="/home/haddad/.jdks/liberica-1.8.0_333/jre/lib/amd64"/>
    <property name="sun.java.command" value="/home/haddad/graduation/dev/asn2avro/nifi-utils-processors/target/surefire/surefirebooter6807460375214064482.jar /home/haddad/graduation/dev/asn2avro/nifi-utils-processors/target/surefire 2022-07-07T13-33-56_966-jvmRun1 surefire6071886466940655948tmp surefire_07574462472107203731tmp"/>
    <property name="surefire.test.class.path" value="/home/haddad/graduation/dev/asn2avro/nifi-utils-processors/target/test-classes:/home/haddad/graduation/dev/asn2avro/nifi-utils-processors/target/classes:/home/haddad/.m2/repository/org/apache/nifi/nifi-api/1.9.0/nifi-api-1.9.0.jar:/home/haddad/.m2/repository/org/apache/nifi/nifi-utils/1.9.0/nifi-utils-1.9.0.jar:/home/haddad/.m2/repository/org/apache/nifi/nifi-mock/1.9.0/nifi-mock-1.9.0.jar:/home/haddad/.m2/repository/org/apache/nifi/nifi-framework-api/1.9.0/nifi-framework-api-1.9.0.jar:/home/haddad/.m2/repository/org/apache/nifi/nifi-expression-language/1.9.0/nifi-expression-language-1.9.0.jar:/home/haddad/.m2/repository/org/antlr/antlr-runtime/3.5.2/antlr-runtime-3.5.2.jar:/home/haddad/.m2/repository/com/jayway/jsonpath/json-path/2.4.0/json-path-2.4.0.jar:/home/haddad/.m2/repository/net/minidev/json-smart/2.3/json-smart-2.3.jar:/home/haddad/.m2/repository/net/minidev/accessors-smart/1.2/accessors-smart-1.2.jar:/home/haddad/.m2/repository/org/ow2/asm/asm/5.0.4/asm-5.0.4.jar:/home/haddad/.m2/repository/com/fasterxml/jackson/core/jackson-databind/2.9.7/jackson-databind-2.9.7.jar:/home/haddad/.m2/repository/com/fasterxml/jackson/core/jackson-annotations/2.9.0/jackson-annotations-2.9.0.jar:/home/haddad/.m2/repository/com/fasterxml/jackson/core/jackson-core/2.9.7/jackson-core-2.9.7.jar:/home/haddad/.m2/repository/org/apache/commons/commons-text/1.4/commons-text-1.4.jar:/home/haddad/.m2/repository/org/apache/commons/commons-lang3/3.7/commons-lang3-3.7.jar:/home/haddad/.m2/repository/org/apache/nifi/nifi-data-provenance-utils/1.9.0/nifi-data-provenance-utils-1.9.0.jar:/home/haddad/.m2/repository/org/apache/nifi/nifi-security-utils/1.9.0/nifi-security-utils-1.9.0.jar:/home/haddad/.m2/repository/org/bouncycastle/bcpkix-jdk15on/1.60/bcpkix-jdk15on-1.60.jar:/home/haddad/.m2/repository/de/svenkubiak/jBCrypt/0.4.1/jBCrypt-0.4.1.jar:/home/haddad/.m2/repository/org/bouncycastle/bcprov-jdk15on/1.60/bcprov-jdk15on-1.60.jar:/home/haddad/.m2/repository/org/apache/nifi/nifi-properties-loader/1.9.0/nifi-properties-loader-1.9.0.jar:/home/haddad/.m2/repository/ch/qos/logback/logback-classic/1.2.3/logback-classic-1.2.3.jar:/home/haddad/.m2/repository/ch/qos/logback/logback-core/1.2.3/logback-core-1.2.3.jar:/home/haddad/.m2/repository/org/apache/nifi/nifi-properties/1.9.0/nifi-properties-1.9.0.jar:/home/haddad/.m2/repository/org/slf4j/slf4j-simple/1.7.25/slf4j-simple-1.7.25.jar:/home/haddad/.m2/repository/org/slf4j/slf4j-api/1.7.25/slf4j-api-1.7.25.jar:/home/haddad/.m2/repository/junit/junit/4.12/junit-4.12.jar:/home/haddad/.m2/repository/org/hamcrest/hamcrest-core/1.3/hamcrest-core-1.3.jar:/home/haddad/.m2/repository/org/apache/poi/poi/4.0.1/poi-4.0.1.jar:/home/haddad/.m2/repository/commons-codec/commons-codec/1.11/commons-codec-1.11.jar:/home/haddad/.m2/repository/org/apache/commons/commons-collections4/4.2/commons-collections4-4.2.jar:/home/haddad/.m2/repository/org/apache/commons/commons-math3/3.6.1/commons-math3-3.6.1.jar:/home/haddad/.m2/repository/org/apache/poi/poi-ooxml/3.17/poi-ooxml-3.17.jar:/home/haddad/.m2/repository/org/apache/poi/poi-ooxml-schemas/3.17/poi-ooxml-schemas-3.17.jar:/home/haddad/.m2/repository/org/apache/xmlbeans/xmlbeans/2.6.0/xmlbeans-2.6.0.jar:/home/haddad/.m2/repository/stax/stax-api/1.0.1/stax-api-1.0.1.jar:/home/haddad/.m2/repository/com/github/virtuald/curvesapi/1.04/curvesapi-1.04.jar:/home/haddad/.m2/repository/com/google/code/gson/gson/2.8.1/gson-2.8.1.jar:/home/haddad/.m2/repository/org/apache/avro/avro/1.8.2/avro-1.8.2.jar:/home/haddad/.m2/repository/org/codehaus/jackson/jackson-core-asl/1.9.13/jackson-core-asl-1.9.13.jar:/home/haddad/.m2/repository/org/codehaus/jackson/jackson-mapper-asl/1.9.13/jackson-mapper-asl-1.9.13.jar:/home/haddad/.m2/repository/com/thoughtworks/paranamer/paranamer/2.7/paranamer-2.7.jar:/home/haddad/.m2/repository/org/xerial/snappy/snappy-java/1.1.1.3/snappy-java-1.1.1.3.jar:/home/haddad/.m2/repository/org/apache/commons/commons-compress/1.8.1/commons-compress-1.8.1.jar:/home/haddad/.m2/repository/org/tukaani/xz/1.5/xz-1.5.jar:/home/haddad/.m2/repository/org/mockito/mockito-core/1.10.19/mockito-core-1.10.19.jar:/home/haddad/.m2/repository/org/objenesis/objenesis/2.1/objenesis-2.1.jar:/home/haddad/.m2/repository/org/codehaus/groovy/groovy-all/2.4.13/groovy-all-2.4.13.jar:"/>
    <property name="sun.cpu.endian" value="little"/>
    <property name="user.home" value="/home/haddad"/>
    <property name="user.language" value="en"/>
    <property name="java.specification.vendor" value="Oracle Corporation"/>
    <property name="java.home" value="/home/haddad/.jdks/liberica-1.8.0_333/jre"/>
    <property name="basedir" value="/home/haddad/graduation/dev/asn2avro/nifi-utils-processors"/>
    <property name="file.separator" value="/"/>
    <property name="line.separator" value="&#10;"/>
    <property name="java.vm.specification.vendor" value="Oracle Corporation"/>
    <property name="java.specification.name" value="Java Platform API Specification"/>
    <property name="java.awt.graphicsenv" value="sun.awt.X11GraphicsEnvironment"/>
    <property name="java.awt.headless" value="true"/>
    <property name="surefire.real.class.path" value="/home/haddad/graduation/dev/asn2avro/nifi-utils-processors/target/surefire/surefirebooter6807460375214064482.jar"/>
    <property name="sun.boot.class.path" value="/home/haddad/.jdks/liberica-1.8.0_333/jre/lib/resources.jar:/home/haddad/.jdks/liberica-1.8.0_333/jre/lib/rt.jar:/home/haddad/.jdks/liberica-1.8.0_333/jre/lib/sunrsasign.jar:/home/haddad/.jdks/liberica-1.8.0_333/jre/lib/jsse.jar:/home/haddad/.jdks/liberica-1.8.0_333/jre/lib/jce.jar:/home/haddad/.jdks/liberica-1.8.0_333/jre/lib/charsets.jar:/home/haddad/.jdks/liberica-1.8.0_333/jre/lib/jfr.jar:/home/haddad/.jdks/liberica-1.8.0_333/jre/classes"/>
    <property name="sun.management.compiler" value="HotSpot 64-Bit Tiered Compilers"/>
    <property name="java.runtime.version" value="1.8.0_333-b02"/>
    <property name="java.net.preferIPv4Stack" value="true"/>
    <property name="user.name" value="haddad"/>
    <property name="path.separator" value=":"/>
    <property name="os.version" value="5.13.0-52-generic"/>
    <property name="java.endorsed.dirs" value="/home/haddad/.jdks/liberica-1.8.0_333/jre/lib/endorsed"/>
    <property name="java.runtime.name" value="OpenJDK Runtime Environment"/>
    <property name="file.encoding" value="UTF-8"/>
    <property name="java.vm.name" value="OpenJDK 64-Bit Server VM"/>
    <property name="localRepository" value="/home/haddad/.m2/repository"/>
    <property name="java.vendor.url.bug" value="https://bell-sw.com/support"/>
    <property name="java.io.tmpdir" value="/tmp"/>
    <property name="idea.version" value="2022.1.3"/>
    <property name="java.version" value="1.8.0_333"/>
    <property name="user.dir" value="/home/haddad/graduation/dev/asn2avro/nifi-utils-processors"/>
    <property name="os.arch" value="amd64"/>
    <property name="java.vm.specification.name" value="Java Virtual Machine Specification"/>
    <property name="java.awt.printerjob" value="sun.print.PSPrinterJob"/>
    <property name="sun.os.patch.level" value="unknown"/>
    <property name="java.library.path" value="/usr/java/packages/lib/amd64:/usr/lib64:/lib64:/lib:/usr/lib"/>
    <property name="java.vm.info" value="mixed mode"/>
    <property name="java.vendor" value="BellSoft"/>
    <property name="java.vm.version" value="25.333-b02"/>
    <property name="java.ext.dirs" value="/home/haddad/.jdks/liberica-1.8.0_333/jre/lib/ext:/usr/java/packages/lib/ext"/>
    <property name="sun.io.unicode.encoding" value="UnicodeLittle"/>
    <property name="java.class.version" value="52.0"/>
  </properties>
  <testcase name="testProcessor" classname="samples.processors.utils.Asn1ToAvroProcessorTest" time="0.221"/>
</testsuite>